<?xml version="1.0" encoding="UTF-8"?>
<testng-results ignored="0" total="1" passed="1" failed="0" skipped="0">
  <reporter-output>
  </reporter-output>
  <suite started-at="2022-07-22T12:17:58 IST" name="Default suite" finished-at="2022-07-22T12:18:01 IST" duration-ms="2802">
    <groups>
    </groups>
    <test started-at="2022-07-22T12:17:58 IST" name="Default test" finished-at="2022-07-22T12:18:01 IST" duration-ms="2802">
      <class name="NewTestCases">
        <test-method is-config="true" signature="takeInput()[pri:0, instance:NewTestCases@6a6afff2]" started-at="2022-07-22T12:17:58 IST" name="takeInput" finished-at="2022-07-22T12:18:01 IST" duration-ms="2757" status="PASS">
          <reporter-output>
          </reporter-output>
        </test-method> <!-- takeInput -->
        <test-method signature="returnNumber()[pri:0, instance:NewTestCases@6a6afff2]" started-at="2022-07-22T12:18:01 IST" name="returnNumber" finished-at="2022-07-22T12:18:01 IST" duration-ms="6" status="PASS">
          <reporter-output>
          </reporter-output>
        </test-method> <!-- returnNumber -->
      </class> <!-- NewTestCases -->
    </test> <!-- Default test -->
  </suite> <!-- Default suite -->
</testng-results>
